# JRE version: OpenJDK Runtime Environment (11.0.11+9) (build 11.0.11+9-b60-7590822)
# Java VM: OpenJDK 64-Bit Server VM (11.0.11+9-b60-7590822, mixed mode, tiered, compressed oops, g1 gc, windows-amd64)
Heap:
 garbage-first heap   total 157696K, used 29676K [0x0000000080000000, 0x0000000100000000)
  region size 1024K, 6 young (6144K), 6 survivors (6144K)
 Metaspace       used 43599K, capacity 44614K, committed 44876K, reserved 1087488K
  class space    used 5546K, capacity 5910K, committed 5964K, reserved 1048576K
GC Heap History (19 events):
Event: 1.759 GC heap before
{Heap before GC invocations=0 (full 0):
 garbage-first heap   total 131072K, used 19456K [0x0000000080000000, 0x0000000100000000)
  region size 1024K, 14 young (14336K), 0 survivors (0K)
 Metaspace       used 6745K, capacity 6929K, committed 7168K, reserved 1056768K
  class space    used 582K, capacity 650K, committed 768K, reserved 1048576K
}
Event: 1.787 GC heap after
{Heap after GC invocations=1 (full 0):
 garbage-first heap   total 131072K, used 7881K [0x0000000080000000, 0x0000000100000000)
  region size 1024K, 2 young (2048K), 2 survivors (2048K)
 Metaspace       used 6745K, capacity 6929K, committed 7168K, reserved 1056768K
  class space    used 582K, capacity 650K, committed 768K, reserved 1048576K
}
Event: 2.586 GC heap before
{Heap before GC invocations=1 (full 0):
 garbage-first heap   total 131072K, used 20169K [0x0000000080000000, 0x0000000100000000)
  region size 1024K, 14 young (14336K), 2 survivors (2048K)
 Metaspace       used 10280K, capacity 10499K, committed 10624K, reserved 1058816K
  class space    used 1072K, capacity 1141K, committed 1152K, reserved 1048576K
}
Event: 2.592 GC heap after
{Heap after GC invocations=2 (full 0):
 garbage-first heap   total 131072K, used 9595K [0x0000000080000000, 0x0000000100000000)
  region size 1024K, 2 young (2048K), 2 survivors (2048K)
 Metaspace       used 10280K, capacity 10499K, committed 10624K, reserved 1058816K
  class space    used 1072K, capacity 1141K, committed 1152K, reserved 1048576K
}
Event: 3.459 GC heap before
{Heap before GC invocations=2 (full 0):
 garbage-first heap   total 131072K, used 39291K [0x0000000080000000, 0x0000000100000000)
  region size 1024K, 31 young (31744K), 2 survivors (2048K)
 Metaspace       used 11243K, capacity 11454K, committed 11520K, reserved 1058816K
  class space    used 1176K, capacity 1246K, committed 1280K, reserved 1048576K
}
Event: 3.464 GC heap after
{Heap after GC invocations=3 (full 0):
 garbage-first heap   total 131072K, used 12721K [0x0000000080000000, 0x0000000100000000)
  region size 1024K, 4 young (4096K), 4 survivors (4096K)
 Metaspace       used 11243K, capacity 11454K, committed 11520K, reserved 1058816K
  class space    used 1176K, capacity 1246K, committed 1280K, reserved 1048576K
}
Event: 6.355 GC heap before
{Heap before GC invocations=3 (full 0):
 garbage-first heap   total 131072K, used 55729K [0x0000000080000000, 0x0000000100000000)
  region size 1024K, 46 young (47104K), 4 survivors (4096K)
 Metaspace       used 17711K, capacity 18069K, committed 18176K, reserved 1064960K
  class space    used 2101K, capacity 2221K, committed 2304K, reserved 1048576K
}
Event: 6.371 GC heap after
{Heap after GC invocations=4 (full 0):
 garbage-first heap   total 131072K, used 16292K [0x0000000080000000, 0x0000000100000000)
  region size 1024K, 6 young (6144K), 6 survivors (6144K)
 Metaspace       used 17711K, capacity 18069K, committed 18176K, reserved 1064960K
  class space    used 2101K, capacity 2221K, committed 2304K, reserved 1048576K
}
Event: 6.921 GC heap before
{Heap before GC invocations=4 (full 0):
 garbage-first heap   total 131072K, used 39844K [0x0000000080000000, 0x0000000100000000)
  region size 1024K, 30 young (30720K), 6 survivors (6144K)
 Metaspace       used 20709K, capacity 21089K, committed 21248K, reserved 1067008K
  class space    used 2542K, capacity 2695K, committed 2816K, reserved 1048576K
}
Event: 6.933 GC heap after
{Heap after GC invocations=5 (full 0):
 garbage-first heap   total 131072K, used 17250K [0x0000000080000000, 0x0000000100000000)
  region size 1024K, 1 young (1024K), 1 survivors (1024K)
 Metaspace       used 20709K, capacity 21089K, committed 21248K, reserved 1067008K
  class space    used 2542K, capacity 2695K, committed 2816K, reserved 1048576K
}
Event: 7.966 GC heap before
{Heap before GC invocations=6 (full 0):
 garbage-first heap   total 131072K, used 66402K [0x0000000080000000, 0x0000000100000000)
  region size 1024K, 49 young (50176K), 1 survivors (1024K)
 Metaspace       used 25811K, capacity 26420K, committed 26752K, reserved 1073152K
  class space    used 3371K, capacity 3585K, committed 3712K, reserved 1048576K
}
Event: 7.976 GC heap after
{Heap after GC invocations=7 (full 0):
 garbage-first heap   total 131072K, used 19105K [0x0000000080000000, 0x0000000100000000)
  region size 1024K, 3 young (3072K), 3 survivors (3072K)
 Metaspace       used 25811K, capacity 26420K, committed 26752K, reserved 1073152K
  class space    used 3371K, capacity 3585K, committed 3712K, reserved 1048576K
}
Event: 9.812 GC heap before
{Heap before GC invocations=7 (full 0):
 garbage-first heap   total 131072K, used 73377K [0x0000000080000000, 0x0000000100000000)
  region size 1024K, 56 young (57344K), 3 survivors (3072K)
 Metaspace       used 31912K, capacity 32612K, committed 32768K, reserved 1077248K
  class space    used 4223K, capacity 4504K, committed 4608K, reserved 1048576K
}
Event: 9.823 GC heap after
{Heap after GC invocations=8 (full 0):
 garbage-first heap   total 131072K, used 21453K [0x0000000080000000, 0x0000000100000000)
  region size 1024K, 5 young (5120K), 5 survivors (5120K)
 Metaspace       used 31912K, capacity 32612K, committed 32768K, reserved 1077248K
  class space    used 4223K, capacity 4504K, committed 4608K, reserved 1048576K
}
Event: 10.463 GC heap before
{Heap before GC invocations=8 (full 0):
 garbage-first heap   total 131072K, used 29645K [0x0000000080000000, 0x0000000100000000)
  region size 1024K, 14 young (14336K), 5 survivors (5120K)
 Metaspace       used 35064K, capacity 35794K, committed 35840K, reserved 1081344K
  class space    used 4555K, capacity 4863K, committed 4864K, reserved 1048576K
}
Event: 10.482 GC heap after
{Heap after GC invocations=9 (full 0):
 garbage-first heap   total 131072K, used 22961K [0x0000000080000000, 0x0000000100000000)
  region size 1024K, 4 young (4096K), 4 survivors (4096K)
 Metaspace       used 35064K, capacity 35794K, committed 35840K, reserved 1081344K
  class space    used 4555K, capacity 4863K, committed 4864K, reserved 1048576K
}
Event: 13.445 GC heap before
{Heap before GC invocations=10 (full 0):
 garbage-first heap   total 131072K, used 73137K [0x0000000080000000, 0x0000000100000000)
  region size 1024K, 51 young (52224K), 4 survivors (4096K)
 Metaspace       used 38843K, capacity 39849K, committed 39884K, reserved 1083392K
  class space    used 4953K, capacity 5314K, committed 5324K, reserved 1048576K
}
Event: 13.463 GC heap after
{Heap after GC invocations=11 (full 0):
 garbage-first heap   total 131072K, used 27095K [0x0000000080000000, 0x0000000100000000)
  region size 1024K, 7 young (7168K), 7 survivors (7168K)
 Metaspace       used 38843K, capacity 39849K, committed 39884K, reserved 1083392K
  class space    used 4953K, capacity 5314K, committed 5324K, reserved 1048576K
}
Event: 16.599 GC heap before
{Heap before GC invocations=11 (full 0):
 garbage-first heap   total 131072K, used 77271K [0x0000000080000000, 0x0000000100000000)
  region size 1024K, 55 young (56320K), 7 survivors (7168K)
 Metaspace       used 43599K, capacity 44614K, committed 44876K, reserved 1087488K
  class space    used 5546K, capacity 5910K, committed 5964K, reserved 1048576K
}

